# JRE version: Java(TM) SE Runtime Environment (12.0.1+12) (build 12.0.1+12)
# Java VM: Java HotSpot(TM) 64-Bit Server VM (12.0.1+12, mixed mode, sharing, tiered, compressed oops, g1 gc, windows-amd64)
Heap:
 garbage-first heap   total 262144K, used 77985K [0x00000000e0000000, 0x0000000100000000)
  region size 1024K, 57 young (58368K), 3 survivors (3072K)
 Metaspace       used 19441K, capacity 20124K, committed 20352K, reserved 272384K
  class space    used 2874K, capacity 3100K, committed 3200K, reserved 253952K
GC Heap History (8 events):
Event: 1.207 GC heap before
{Heap before GC invocations=0 (full 0):
 garbage-first heap   total 262144K, used 19456K [0x00000000e0000000, 0x0000000100000000)
  region size 1024K, 14 young (14336K), 0 survivors (0K)
 Metaspace       used 2530K, capacity 5729K, committed 5760K, reserved 262144K
  class space    used 313K, capacity 633K, committed 640K, reserved 253952K
}
Event: 1.226 GC heap after
{Heap after GC invocations=1 (full 0):
 garbage-first heap   total 262144K, used 8031K [0x00000000e0000000, 0x0000000100000000)
  region size 1024K, 2 young (2048K), 2 survivors (2048K)
 Metaspace       used 2530K, capacity 5729K, committed 5760K, reserved 262144K
  class space    used 313K, capacity 633K, committed 640K, reserved 253952K
}
Event: 1.739 GC heap before
{Heap before GC invocations=1 (full 0):
 garbage-first heap   total 262144K, used 18271K [0x00000000e0000000, 0x0000000100000000)
  region size 1024K, 12 young (12288K), 2 survivors (2048K)
 Metaspace       used 3838K, capacity 6647K, committed 6656K, reserved 262144K
  class space    used 494K, capacity 768K, committed 768K, reserved 253952K
}
Event: 1.742 GC heap after
{Heap after GC invocations=2 (full 0):
 garbage-first heap   total 262144K, used 8550K [0x00000000e0000000, 0x0000000100000000)
  region size 1024K, 1 young (1024K), 1 survivors (1024K)
 Metaspace       used 3838K, capacity 6647K, committed 6656K, reserved 262144K
  class space    used 494K, capacity 768K, committed 768K, reserved 253952K
}
Event: 2.364 GC heap before
{Heap before GC invocations=2 (full 0):
 garbage-first heap   total 262144K, used 35174K [0x00000000e0000000, 0x0000000100000000)
  region size 1024K, 28 young (28672K), 1 survivors (1024K)
 Metaspace       used 4245K, capacity 6959K, committed 7040K, reserved 262144K
  class space    used 563K, capacity 872K, committed 896K, reserved 253952K
}
Event: 2.367 GC heap after
{Heap after GC invocations=3 (full 0):
 garbage-first heap   total 262144K, used 12640K [0x00000000e0000000, 0x0000000100000000)
  region size 1024K, 4 young (4096K), 4 survivors (4096K)
 Metaspace       used 4245K, capacity 6959K, committed 7040K, reserved 262144K
  class space    used 563K, capacity 872K, committed 896K, reserved 253952K
}
Event: 5.640 GC heap before
{Heap before GC invocations=3 (full 0):
 garbage-first heap   total 262144K, used 53600K [0x00000000e0000000, 0x0000000100000000)
  region size 1024K, 44 young (45056K), 4 survivors (4096K)
 Metaspace       used 11860K, capacity 12304K, committed 12416K, reserved 266240K
  class space    used 1710K, capacity 1873K, committed 1920K, reserved 253952K
}
Event: 5.646 GC heap after
{Heap after GC invocations=4 (full 0):
 garbage-first heap   total 262144K, used 15521K [0x00000000e0000000, 0x0000000100000000)
  region size 1024K, 3 young (3072K), 3 survivors (3072K)
 Metaspace       used 11860K, capacity 12304K, committed 12416K, reserved 266240K
  class space    used 1710K, capacity 1873K, committed 1920K, reserved 253952K
}

