# JRE version: Java(TM) SE Runtime Environment (8.0_181-b13) (build 1.8.0_181-b13)
# Java VM: Java HotSpot(TM) 64-Bit Server VM (25.181-b13 mixed mode windows-amd64 compressed oops)
Heap:
 garbage-first heap   total 65536K, used 35840K [0x00000000c0000000, 0x00000000c0100200, 0x0000000100000000)
  region size 1024K, 14 young (14336K), 5 survivors (5120K)
 Metaspace       used 28994K, capacity 30638K, committed 30848K, reserved 1077248K
  class space    used 3162K, capacity 3705K, committed 3712K, reserved 1048576K
GC Heap History (10 events):
Event: 34.479 GC heap before
{Heap before GC invocations=3 (full 0):
 garbage-first heap   total 65536K, used 46592K [0x00000000c0000000, 0x00000000c0100200, 0x0000000100000000)
  region size 1024K, 33 young (33792K), 3 survivors (3072K)
 Metaspace       used 19413K, capacity 20342K, committed 20608K, reserved 1067008K
  class space    used 2008K, capacity 2318K, committed 2432K, reserved 1048576K
Event: 34.489 GC heap after
Heap after GC invocations=4 (full 0):
 garbage-first heap   total 65536K, used 19456K [0x00000000c0000000, 0x00000000c0100200, 0x0000000100000000)
  region size 1024K, 5 young (5120K), 5 survivors (5120K)
 Metaspace       used 19413K, capacity 20342K, committed 20608K, reserved 1067008K
  class space    used 2008K, capacity 2318K, committed 2432K, reserved 1048576K
}
Event: 35.456 GC heap before
{Heap before GC invocations=4 (full 0):
 garbage-first heap   total 65536K, used 26624K [0x00000000c0000000, 0x00000000c0100200, 0x0000000100000000)
  region size 1024K, 13 young (13312K), 5 survivors (5120K)
 Metaspace       used 20261K, capacity 21160K, committed 21296K, reserved 1069056K
  class space    used 2106K, capacity 2418K, committed 2432K, reserved 1048576K
Event: 35.536 GC heap after
Heap after GC invocations=5 (full 0):
 garbage-first heap   total 65536K, used 19955K [0x00000000c0000000, 0x00000000c0100200, 0x0000000100000000)
  region size 1024K, 5 young (5120K), 5 survivors (5120K)
 Metaspace       used 20261K, capacity 21160K, committed 21296K, reserved 1069056K
  class space    used 2106K, capacity 2418K, committed 2432K, reserved 1048576K
}
Event: 41.019 GC heap before
{Heap before GC invocations=6 (full 0):
 garbage-first heap   total 65536K, used 48627K [0x00000000c0000000, 0x00000000c0100200, 0x0000000100000000)
  region size 1024K, 37 young (37888K), 5 survivors (5120K)
 Metaspace       used 24072K, capacity 25230K, committed 25344K, reserved 1071104K
  class space    used 2618K, capacity 3029K, committed 3072K, reserved 1048576K
Event: 41.035 GC heap after
Heap after GC invocations=7 (full 0):
 garbage-first heap   total 65536K, used 20344K [0x00000000c0000000, 0x00000000c0100200, 0x0000000100000000)
  region size 1024K, 5 young (5120K), 5 survivors (5120K)
 Metaspace       used 24072K, capacity 25230K, committed 25344K, reserved 1071104K
  class space    used 2618K, capacity 3029K, committed 3072K, reserved 1048576K
}
Event: 41.105 GC heap before
{Heap before GC invocations=7 (full 0):
 garbage-first heap   total 65536K, used 21368K [0x00000000c0000000, 0x00000000c0100200, 0x0000000100000000)
  region size 1024K, 6 young (6144K), 5 survivors (5120K)
 Metaspace       used 24113K, capacity 25294K, committed 25600K, reserved 1071104K
  class space    used 2618K, capacity 3029K, committed 3072K, reserved 1048576K
Event: 41.117 GC heap after
Heap after GC invocations=8 (full 0):
 garbage-first heap   total 65536K, used 18432K [0x00000000c0000000, 0x00000000c0100200, 0x0000000100000000)
  region size 1024K, 1 young (1024K), 1 survivors (1024K)
 Metaspace       used 24113K, capacity 25294K, committed 25600K, reserved 1071104K
  class space    used 2618K, capacity 3029K, committed 3072K, reserved 1048576K
}
Event: 43.025 GC heap before
{Heap before GC invocations=8 (full 0):
 garbage-first heap   total 65536K, used 54272K [0x00000000c0000000, 0x00000000c0100200, 0x0000000100000000)
  region size 1024K, 36 young (36864K), 1 survivors (1024K)
 Metaspace       used 27563K, capacity 28952K, committed 29184K, reserved 1075200K
  class space    used 3009K, capacity 3498K, committed 3584K, reserved 1048576K
Event: 43.034 GC heap after
Heap after GC invocations=9 (full 0):
 garbage-first heap   total 65536K, used 27648K [0x00000000c0000000, 0x00000000c0100200, 0x0000000100000000)
  region size 1024K, 5 young (5120K), 5 survivors (5120K)
 Metaspace       used 27563K, capacity 28952K, committed 29184K, reserved 1075200K
  class space    used 3009K, capacity 3498K, committed 3584K, reserved 1048576K
}

